{"/home/caio687/Desktop/curso-novatec/server/app.js":{"path":"/home/caio687/Desktop/curso-novatec/server/app.js","s":{"1":1,"2":1,"3":1,"4":1,"5":1,"6":1,"7":1,"8":1,"9":1,"10":1,"11":1,"12":1,"13":1,"14":1},"b":{"1":[1,0]},"f":{},"fnMap":{},"statementMap":{"1":{"start":{"line":3,"column":0},"end":{"line":3,"column":34}},"2":{"start":{"line":4,"column":0},"end":{"line":4,"column":21}},"3":{"start":{"line":5,"column":0},"end":{"line":5,"column":41}},"4":{"start":{"line":7,"column":0},"end":{"line":7,"column":48}},"5":{"start":{"line":8,"column":0},"end":{"line":8,"column":26}},"6":{"start":{"line":9,"column":0},"end":{"line":9,"column":27}},"7":{"start":{"line":11,"column":0},"end":{"line":15,"column":2}},"8":{"start":{"line":12,"column":2},"end":{"line":12,"column":38}},"9":{"start":{"line":13,"column":2},"end":{"line":13,"column":18}},"10":{"start":{"line":14,"column":2},"end":{"line":14,"column":11}},"11":{"start":{"line":17,"column":0},"end":{"line":20,"column":2}},"12":{"start":{"line":18,"column":2},"end":{"line":18,"column":38}},"13":{"start":{"line":19,"column":2},"end":{"line":19,"column":30}},"14":{"start":{"line":23,"column":0},"end":{"line":23,"column":21}}},"branchMap":{"1":{"line":18,"type":"binary-expr","locations":[{"start":{"line":18,"column":18},"end":{"line":18,"column":30}},{"start":{"line":18,"column":34},"end":{"line":18,"column":37}}]}}},"/home/caio687/Desktop/curso-novatec/server/route/index.js":{"path":"/home/caio687/Desktop/curso-novatec/server/route/index.js","s":{"1":1,"2":1,"3":1,"4":1,"5":1,"6":1,"7":1,"8":1,"9":1,"10":1,"11":1},"b":{},"f":{},"fnMap":{},"statementMap":{"1":{"start":{"line":2,"column":0},"end":{"line":2,"column":34}},"2":{"start":{"line":3,"column":0},"end":{"line":3,"column":30}},"3":{"start":{"line":4,"column":0},"end":{"line":4,"column":62}},"4":{"start":{"line":5,"column":0},"end":{"line":5,"column":62}},"5":{"start":{"line":9,"column":0},"end":{"line":9,"column":38}},"6":{"start":{"line":11,"column":0},"end":{"line":11,"column":44}},"7":{"start":{"line":12,"column":0},"end":{"line":12,"column":51}},"8":{"start":{"line":13,"column":0},"end":{"line":13,"column":47}},"9":{"start":{"line":14,"column":0},"end":{"line":14,"column":50}},"10":{"start":{"line":15,"column":0},"end":{"line":15,"column":53}},"11":{"start":{"line":17,"column":0},"end":{"line":17,"column":22}}},"branchMap":{}},"/home/caio687/Desktop/curso-novatec/server/controller/MainController.js":{"path":"/home/caio687/Desktop/curso-novatec/server/controller/MainController.js","s":{"1":1,"2":1,"3":1},"b":{},"f":{"1":1},"fnMap":{"1":{"name":"(anonymous_1)","line":4,"loc":{"start":{"line":4,"column":9},"end":{"line":4,"column":35}}}},"statementMap":{"1":{"start":{"line":3,"column":0},"end":{"line":7,"column":1}},"2":{"start":{"line":5,"column":4},"end":{"line":5,"column":30}},"3":{"start":{"line":9,"column":0},"end":{"line":9,"column":31}}},"branchMap":{}},"/home/caio687/Desktop/curso-novatec/server/controller/BookController.js":{"path":"/home/caio687/Desktop/curso-novatec/server/controller/BookController.js","s":{"1":1,"2":1,"3":0,"4":0,"5":0,"6":0,"7":0,"8":0,"9":0,"10":0,"11":0,"12":0,"13":0,"14":0,"15":0,"16":0,"17":0,"18":0,"19":0,"20":0,"21":1},"b":{"1":[0,0]},"f":{"1":0,"2":0,"3":0,"4":0,"5":0},"fnMap":{"1":{"name":"(anonymous_1)","line":4,"loc":{"start":{"line":4,"column":6},"end":{"line":4,"column":32}}},"2":{"name":"(anonymous_2)","line":10,"loc":{"start":{"line":10,"column":9},"end":{"line":10,"column":35}}},"3":{"name":"(anonymous_3)","line":15,"loc":{"start":{"line":15,"column":8},"end":{"line":15,"column":34}}},"4":{"name":"(anonymous_4)","line":25,"loc":{"start":{"line":25,"column":8},"end":{"line":25,"column":35}}},"5":{"name":"(anonymous_5)","line":33,"loc":{"start":{"line":33,"column":8},"end":{"line":33,"column":34}}}},"statementMap":{"1":{"start":{"line":2,"column":0},"end":{"line":2,"column":59}},"2":{"start":{"line":3,"column":0},"end":{"line":39,"column":1}},"3":{"start":{"line":6,"column":4},"end":{"line":8,"column":6}},"4":{"start":{"line":7,"column":6},"end":{"line":7,"column":25}},"5":{"start":{"line":11,"column":4},"end":{"line":11,"column":33}},"6":{"start":{"line":12,"column":4},"end":{"line":12,"column":66}},"7":{"start":{"line":12,"column":45},"end":{"line":12,"column":64}},"8":{"start":{"line":16,"column":4},"end":{"line":16,"column":29}},"9":{"start":{"line":17,"column":4},"end":{"line":23,"column":6}},"10":{"start":{"line":18,"column":6},"end":{"line":20,"column":7}},"11":{"start":{"line":19,"column":8},"end":{"line":19,"column":24}},"12":{"start":{"line":21,"column":6},"end":{"line":21,"column":26}},"13":{"start":{"line":22,"column":6},"end":{"line":22,"column":25}},"14":{"start":{"line":26,"column":4},"end":{"line":26,"column":33}},"15":{"start":{"line":27,"column":4},"end":{"line":27,"column":29}},"16":{"start":{"line":29,"column":4},"end":{"line":31,"column":6}},"17":{"start":{"line":30,"column":6},"end":{"line":30,"column":25}},"18":{"start":{"line":34,"column":4},"end":{"line":34,"column":33}},"19":{"start":{"line":35,"column":4},"end":{"line":37,"column":6}},"20":{"start":{"line":36,"column":6},"end":{"line":36,"column":30}},"21":{"start":{"line":41,"column":0},"end":{"line":41,"column":31}}},"branchMap":{"1":{"line":18,"type":"if","locations":[{"start":{"line":18,"column":6},"end":{"line":18,"column":6}},{"start":{"line":18,"column":6},"end":{"line":18,"column":6}}]}}},"/home/caio687/Desktop/curso-novatec/server/repository/BookRepository.js":{"path":"/home/caio687/Desktop/curso-novatec/server/repository/BookRepository.js","s":{"1":1,"2":1,"3":0,"4":1,"5":0,"6":0,"7":0,"8":0,"9":0,"10":1},"b":{},"f":{"1":0,"2":0,"3":0,"4":0,"5":0,"6":0},"fnMap":{"1":{"name":"getQuery","line":5,"loc":{"start":{"line":5,"column":0},"end":{"line":5,"column":23}}},"2":{"name":"(anonymous_2)","line":12,"loc":{"start":{"line":12,"column":6},"end":{"line":12,"column":24}}},"3":{"name":"(anonymous_3)","line":15,"loc":{"start":{"line":15,"column":10},"end":{"line":15,"column":26}}},"4":{"name":"(anonymous_4)","line":19,"loc":{"start":{"line":19,"column":8},"end":{"line":19,"column":25}}},"5":{"name":"(anonymous_5)","line":22,"loc":{"start":{"line":22,"column":8},"end":{"line":22,"column":30}}},"6":{"name":"(anonymous_6)","line":26,"loc":{"start":{"line":26,"column":8},"end":{"line":26,"column":24}}}},"statementMap":{"1":{"start":{"line":3,"column":0},"end":{"line":3,"column":37}},"2":{"start":{"line":5,"column":0},"end":{"line":9,"column":1}},"3":{"start":{"line":6,"column":2},"end":{"line":6,"column":32}},"4":{"start":{"line":11,"column":0},"end":{"line":30,"column":1}},"5":{"start":{"line":13,"column":4},"end":{"line":13,"column":48}},"6":{"start":{"line":17,"column":4},"end":{"line":17,"column":59}},"7":{"start":{"line":20,"column":4},"end":{"line":20,"column":49}},"8":{"start":{"line":24,"column":4},"end":{"line":24,"column":74}},"9":{"start":{"line":28,"column":4},"end":{"line":28,"column":58}},"10":{"start":{"line":32,"column":0},"end":{"line":32,"column":31}}},"branchMap":{}},"/home/caio687/Desktop/curso-novatec/server/config/mongo.js":{"path":"/home/caio687/Desktop/curso-novatec/server/config/mongo.js","s":{"1":1,"2":1,"3":1,"4":0,"5":1},"b":{},"f":{},"fnMap":{},"statementMap":{"1":{"start":{"line":3,"column":0},"end":{"line":3,"column":34}},"2":{"start":{"line":5,"column":0},"end":{"line":5,"column":40}},"3":{"start":{"line":8,"column":0},"end":{"line":10,"column":2}},"4":{"start":{"line":9,"column":2},"end":{"line":9,"column":18}},"5":{"start":{"line":12,"column":0},"end":{"line":12,"column":19}}},"branchMap":{}}}